
Showing logs for build [32mcb-kubecd-environment-pr-167-34-qjnhh-1[0m stage [32mfrom-build-pack[0m and container [32mstep-credential-initializer-7vj5t[0m
{"level":"warn","ts":1582797014.9365187,"logger":"fallback-logger","caller":"logging/config.go:69","msg":"Fetch GitHub commit ID from kodata failed: \"ref: refs/heads/0.8.0-**-support-backwards-incompats\" is not a valid GitHub commit ID"}
{"level":"info","ts":1582797014.937732,"logger":"fallback-logger","caller":"creds-init/main.go:40","msg":"Credentials initialized."}

Showing logs for build [32mcb-kubecd-environment-pr-167-34-qjnhh-1[0m stage [32mfrom-build-pack[0m and container [32mstep-working-dir-initializer-zk6nz[0m
{"level":"warn","ts":1582797016.4373348,"logger":"fallback-logger","caller":"logging/config.go:69","msg":"Fetch GitHub commit ID from kodata failed: open /var/run/ko/HEAD: no such file or directory"}
{"level":"info","ts":1582797016.445226,"logger":"fallback-logger","caller":"bash/main.go:64","msg":"Successfully executed command \"sh -c mkdir -p /workspace/source\"; output "}

Showing logs for build [32mcb-kubecd-environment-pr-167-34-qjnhh-1[0m stage [32mfrom-build-pack[0m and container [32mstep-place-tools[0m

Showing logs for build [32mcb-kubecd-environment-pr-167-34-qjnhh-1[0m stage [32mfrom-build-pack[0m and container [32mstep-git-source-cb-kubecd-environment-pr-167-34-qjnhh-fmbcm[0m
{"level":"warn","ts":1582797021.779316,"logger":"fallback-logger","caller":"logging/config.go:69","msg":"Fetch GitHub commit ID from kodata failed: \"ref: refs/heads/0.8.0-**-support-backwards-incompats\" is not a valid GitHub commit ID"}
{"level":"info","ts":1582797022.9236999,"logger":"fallback-logger","caller":"git/git.go:103","msg":"Successfully cloned https://github.com/cb-kubecd/environment-pr-167-34-boot-gke-staging.git @ master in path /workspace/source"}

Showing logs for build [32mcb-kubecd-environment-pr-167-34-qjnhh-1[0m stage [32mfrom-build-pack[0m and container [32mstep-git-merge[0m
Using SHAs from PULL_REFS=master:0657ded88ebb10cfc3d9cdf08fa7c30ea595e341,8:a238421c32c8d7ac942d3ac92fef2f9d2a2afd80
DEBUG: LC_ALL=C JX_LOG_LEVEL=error git fetch origin --unshallow a238421c32c8d7ac942d3ac92fef2f9d2a2afd80: 0657ded88ebb10cfc3d9cdf08fa7c30ea595e341:
DEBUG: ran git fetch --unshallow origin a238421c32c8d7ac942d3ac92fef2f9d2a2afd80: 0657ded88ebb10cfc3d9cdf08fa7c30ea595e341: in 
DEBUG: LC_ALL=C JX_LOG_LEVEL=error git branch
DEBUG: LC_ALL=C JX_LOG_LEVEL=error git checkout master
DEBUG: ran git checkout master in 
DEBUG: LC_ALL=C JX_LOG_LEVEL=error git reset --hard 0657ded88ebb10cfc3d9cdf08fa7c30ea595e341
DEBUG: ran git reset --hard 0657ded88ebb10cfc3d9cdf08fa7c30ea595e341 in 
DEBUG: LC_ALL=C JX_LOG_LEVEL=error git clean -fd .
DEBUG: ran clean --force -d . in 
DEBUG: LC_ALL=C JX_LOG_LEVEL=error git merge a238421c32c8d7ac942d3ac92fef2f9d2a2afd80
DEBUG: ran git merge a238421c32c8d7ac942d3ac92fef2f9d2a2afd80 in 
DEBUG: LC_ALL=C JX_LOG_LEVEL=error git log --format=%H%x1f%an%x1f%ae%x1f%cn%x1f%ce%x1f%s%n%b%x1e 0657ded88ebb10cfc3d9cdf08fa7c30ea595e341..HEAD
Merged SHA a238421c32c8d7ac942d3ac92fef2f9d2a2afd80 with commit message 'chore: Promote bdd-sbrp-import-1582795144 to version 0.0.1' into base branch master

Showing logs for build [32mcb-kubecd-environment-pr-167-34-qjnhh-1[0m stage [32mfrom-build-pack[0m and container [32mstep-build-helm-build[0m
WARNING: No $CHART_REPOSITORY defined so using the default value of: http://jenkins-x-chartmuseum:8080
Adding missing Helm repo: storage.googleapis.com https://storage.googleapis.com/chartmuseum.jenkins-x.io
WARNING: No secrets found on "helm/repos" due: reading the secret "helm/repos" from vault: no secret "helm/repos" not found in vault
Read credentials for https://storage.googleapis.com/chartmuseum.jenkins-x.io from vault helm/repos
Successfully added Helm repository storage.googleapis.com.
Adding missing Helm repo: jenkins-x-chartmuseum http://jenkins-x-chartmuseum:8080
WARNING: No secrets found on "helm/repos" due: reading the secret "helm/repos" from vault: no secret "helm/repos" not found in vault
Read credentials for http://jenkins-x-chartmuseum:8080 from vault helm/repos
Successfully added Helm repository jenkins-x-chartmuseum.
WARNING: No $CHART_REPOSITORY defined so using the default value of: http://jenkins-x-chartmuseum:8080
Adding missing Helm repo: chartmuseum.jenkins-x.io http://chartmuseum.jenkins-x.io
WARNING: No secrets found on "helm/repos" due: reading the secret "helm/repos" from vault: no secret "helm/repos" not found in vault
Read credentials for http://chartmuseum.jenkins-x.io from vault helm/repos
Successfully added Helm repository chartmuseum.jenkins-x.io.
